diff --git a/8be7442 b/2ad4984
index 8be7442..2ad4984 100644
--- a/8be7442
+++ b/2ad4984
@@ -3074,17 +3074,17 @@ Start:
 			}
 		}
 	}
 	MaxChars = itemText.length();
 	invalid = false;
 	if (!isNoteFrame() && (!m_Doc->notesList().isEmpty() || m_Doc->notesChanged()))
-		updateItemNotes(noteMarksPosMap);
-	if (invalid)
 	{
 		m_Doc->setNotesChanged(false);
-		goto Start;
+		updateItemNotes(noteMarksPosMap);
+		if (invalid || m_Doc->notesChanged())
+			m_Doc->changed();
 	}
 	if (NextBox != NULL)
 	{
 		PageItem_TextFrame * nextFrame = dynamic_cast<PageItem_TextFrame*>(NextBox);
 		nextFrame->invalid   = true;
 		nextFrame->firstChar = MaxChars;
@@ -3174,13 +3174,13 @@ bool PageItem_TextFrame::isValidChainFromBegin()
 }
 
 void PageItem_TextFrame::DrawObj_Item(ScPainter *p, QRectF cullingArea)
 {
 	if(invalid)
 	{
-		if (isNoteFrame() && asNoteFrame()->deleteIt)
+		if (isNoteFrame() && asNoteFrame()->isMarkedForDelete())
 		//do not layout notes frames which should be deleted
 			return;
 		layout();
 	}
 	if (invalid)
 		return;
@@ -5821,65 +5821,29 @@ TextNote* PageItem_TextFrame::noteFromSelectedNoteMark(bool onlySelection)
 }
 
 void PageItem_TextFrame::updateItemNotes(QMap<int, Mark*> &notesMarksPositions)
 {
 	UndoManager::instance()->setUndoEnabled(false);
 	NotesInFrameMap notesMap = updateNotesFrames(notesMarksPositions);
-	if (notesMap != m_notesFramesMap || m_Doc->flag_layoutNotesFrames || m_Doc->flag_Renumber)
+	if (notesMap != m_notesFramesMap || m_Doc->flag_layoutNotesFrames)
 	{
 		updateNotesMarks(notesMap);
-		if (m_Doc->flag_Renumber)
-			m_Doc->updateListNumbers();
 		if (m_Doc->flag_layoutNotesFrames)
 			notesFramesLayout();
 	}
 	UndoManager::instance()->setUndoEnabled(true);
 }
 
 void PageItem_TextFrame::updateNotesMarks(NotesInFrameMap &notesMap)
 {
 	bool docWasChanged = false;
 
-//	QList<PageItem_NoteFrame*> curr_footNotesList;
-//	QList<PageItem_NoteFrame*> old_footNotesList;
-//	QList<PageItem_NoteFrame*> curr_endNotesList;
-//	QList<PageItem_NoteFrame*> old_endNotesList;
-
-
-//	foreach(PageItem_NoteFrame* nF, notesMap.keys())
-//	{
-//		if (nF->isEndNotesFrame())
-//			curr_endNotesList.append(nF);
-//		else if (!notesMap.value(nF).isEmpty())
-//			curr_footNotesList.append(nF);
-//	}
-//	foreach(PageItem_NoteFrame* nF, m_notesFramesMap.keys())
-//	{
-//		if (nF->isEndNotesFrame())
-//			old_endNotesList.append(nF);
-//		else
-//			old_footNotesList.append(nF);
-//	}
-//	//check for endnotes marks change in current frame
-//	foreach (PageItem_NoteFrame* nF, old_endNotesList)
-//	{
-//		if (nF->deleteIt)
-//		{
-//			m_Doc->delNoteFrame(nF,true);
-//			docWasChanged = true;
-//		}
-//		else if (!notesMap.contains(nF) || (m_notesFramesMap.value(nF) != notesMap.value(nF)))
-//		{
-//			m_Doc->endNoteFrameChanged(nF);
-//			docWasChanged = true;
-//		}
-//	}
 	//check if some notes frames are not used anymore
 	foreach (PageItem_NoteFrame* nF, m_notesFramesMap.keys())
 	{
-		if (nF->deleteIt || (nF->isAutoNoteFrame() && !notesMap.keys().contains(nF)))
+		if (nF->isMarkedForDelete() || (nF->isAutoNoteFrame() && !notesMap.keys().contains(nF)))
 		{
 			m_Doc->delNoteFrame(nF,true);
 			docWasChanged = true;
 		}
 		else
 		{
@@ -6016,13 +5980,13 @@ NotesInFrameMap PageItem_TextFrame::updateNotesFrames(QMap<int, Mark*> &noteMark
 void PageItem_TextFrame::notesFramesLayout()
 {
 	foreach (PageItem_NoteFrame* nF, m_notesFramesMap.keys())
 	{
 		if (nF == NULL)
 			continue;
-		if (nF->deleteIt)
+		if (nF->isMarkedForDelete())
 			continue;
 		if (nF->isEndNotesFrame() && m_Doc->flag_updateEndNotes)
 			m_Doc->updateEndNotesFrameContent(nF);
 		nF->layout();
 	}
 }
